Build started 2015/5/21 上午 11:28:29.
     1>Project "D:\Github\graphics-pipeline\3dmm_hw1.vcxproj" on node 2 (build target(s)).
     1>InitializeBuildStatus:
         Creating "Release\3dmm_hw1.unsuccessfulbuild" because "AlwaysCreate" was specified.
       ClCompile:
         C:\Program Files (x86)\Microsoft Visual Studio 10.0\VC\bin\CL.exe /c /Zi /nologo /W4 /WX- /O2 /Oi /Oy- /GL /D WIN32 /D NDEBUG /D _CONSOLE /D _CRT_SECURE_NO_WARNINGS /D _UNICODE /D UNICODE /Gm- /EHsc /MD /GS /Gy /fp:precise /Zc:wchar_t /Zc:forScope /Fo"Release\\" /Fd"Release\vc100.pdb" /Gd /TP /analyze- /errorReport:prompt src\framebuffer.cpp src\lighting.cpp src\main.cpp src\model.cpp src\rasterize.cpp src\transform.cpp
         framebuffer.cpp
     1>src\framebuffer.cpp(28): warning C4305: '=' : 從 'double' 轉換為 'float'，是由較大的型別轉換為較小的型別，可能導致資料遺失
     1>src\framebuffer.cpp(45): warning C4244: '*=' : 將 'double' 轉換為 'float'，由於型別不同，可能導致資料遺失
     1>src\framebuffer.cpp(46): warning C4244: '*=' : 將 'double' 轉換為 'float'，由於型別不同，可能導致資料遺失
     1>src\framebuffer.cpp(47): warning C4244: '*=' : 將 'double' 轉換為 'float'，由於型別不同，可能導致資料遺失
         lighting.cpp
     1>src\lighting.cpp(7): warning C4305: '正在初始化' : 從 'double' 轉換為 'float'，是由較大的型別轉換為較小的型別，可能導致資料遺失
     1>src\lighting.cpp(12): warning C4305: '正在初始化' : 從 'double' 轉換為 'float'，是由較大的型別轉換為較小的型別，可能導致資料遺失
         main.cpp
     1>src\main.cpp(158): warning C4244: '引數' : 將 'int' 轉換為 'float'，由於型別不同，可能導致資料遺失
     1>src\main.cpp(158): warning C4244: '引數' : 將 'int' 轉換為 'float'，由於型別不同，可能導致資料遺失
     1>src\main.cpp(159): warning C4244: '引數' : 將 'int' 轉換為 'float'，由於型別不同，可能導致資料遺失
     1>src\main.cpp(159): warning C4244: '引數' : 將 'int' 轉換為 'float'，由於型別不同，可能導致資料遺失
     1>src\main.cpp(160): warning C4244: '引數' : 將 'int' 轉換為 'float'，由於型別不同，可能導致資料遺失
     1>src\main.cpp(160): warning C4244: '引數' : 將 'int' 轉換為 'float'，由於型別不同，可能導致資料遺失
     1>src\main.cpp(209): warning C4100: 'y' : 未參考的型式參數
     1>src\main.cpp(209): warning C4100: 'x' : 未參考的型式參數
     1>src\main.cpp(272): warning C4100: 'y' : 未參考的型式參數
     1>src\main.cpp(272): warning C4100: 'x' : 未參考的型式參數
     1>d:\github\graphics-pipeline\include\gl\freeglut_std.h(624): warning C4505: 'glutCreateMenu_ATEXIT_HACK' : 已移除未參考的區域函式
         model.cpp
         rasterize.cpp
     1>src\rasterize.cpp(8): warning C4244: '正在初始化' : 將 'const float' 轉換為 'int'，由於型別不同，可能導致資料遺失
     1>src\rasterize.cpp(70): warning C4244: '=' : 將 'float' 轉換為 'int'，由於型別不同，可能導致資料遺失
     1>src\rasterize.cpp(91): warning C4244: '正在初始化' : 將 'float' 轉換為 'int'，由於型別不同，可能導致資料遺失
     1>src\rasterize.cpp(151): warning C4244: '正在初始化' : 將 'float' 轉換為 'int'，由於型別不同，可能導致資料遺失
     1>src\rasterize.cpp(157): warning C4244: '正在初始化' : 將 'float' 轉換為 'int'，由於型別不同，可能導致資料遺失
     1>src\rasterize.cpp(167): warning C4244: '正在初始化' : 將 'float' 轉換為 'int'，由於型別不同，可能導致資料遺失
     1>src\rasterize.cpp(173): warning C4244: '正在初始化' : 將 'float' 轉換為 'int'，由於型別不同，可能導致資料遺失
         transform.cpp
     1>src\transform.cpp(19): warning C4244: '=' : 將 'double' 轉換為 'float'，由於型別不同，可能導致資料遺失
     1>src\transform.cpp(20): warning C4244: '=' : 將 'double' 轉換為 'float'，由於型別不同，可能導致資料遺失
     1>src\transform.cpp(24): warning C4244: '=' : 將 'double' 轉換為 'float'，由於型別不同，可能導致資料遺失
     1>src\transform.cpp(25): warning C4244: '=' : 將 'double' 轉換為 'float'，由於型別不同，可能導致資料遺失
       Link:
         C:\Program Files (x86)\Microsoft Visual Studio 10.0\VC\bin\link.exe /ERRORREPORT:PROMPT /OUT:"D:\Github\graphics-pipeline\Release\3dmm_hw1.exe" /INCREMENTAL:NO /NOLOGO freeglut.lib kernel32.lib user32.lib gdi32.lib winspool.lib comdlg32.lib advapi32.lib shell32.lib ole32.lib oleaut32.lib uuid.lib odbc32.lib odbccp32.lib /MANIFEST /ManifestFile:"Release\3dmm_hw1.exe.intermediate.manifest" /MANIFESTUAC:"level='asInvoker' uiAccess='false'" /DEBUG /PDB:"D:\Github\graphics-pipeline\Release\3dmm_hw1.pdb" /SUBSYSTEM:CONSOLE /OPT:REF /OPT:ICF /LTCG /TLBID:1 /DYNAMICBASE /NXCOMPAT /IMPLIB:"D:\Github\graphics-pipeline\Release\3dmm_hw1.lib" /MACHINE:X86 Release\framebuffer.obj
         Release\lighting.obj
         Release\main.obj
         Release\model.obj
         Release\rasterize.obj
         Release\transform.obj
         正在產生程式碼
     1>d:\github\graphics-pipeline\src\rasterize.cpp(70): warning C4701: 使用了可能未初始化的區域變數 'x1'
     1>d:\github\graphics-pipeline\src\rasterize.cpp(71): warning C4701: 使用了可能未初始化的區域變數 'z1'
     1>d:\github\graphics-pipeline\src\rasterize.cpp(70): warning C4701: 使用了可能未初始化的區域變數 'x2'
     1>d:\github\graphics-pipeline\src\rasterize.cpp(71): warning C4701: 使用了可能未初始化的區域變數 'z2'
     1>d:\github\graphics-pipeline\src\rasterize.cpp(74): warning C4701: 使用了可能未初始化的區域變數 'nx1'
     1>d:\github\graphics-pipeline\src\rasterize.cpp(75): warning C4701: 使用了可能未初始化的區域變數 'ny1'
     1>d:\github\graphics-pipeline\src\rasterize.cpp(73): warning C4701: 使用了可能未初始化的區域變數 'nz1'
     1>d:\github\graphics-pipeline\src\rasterize.cpp(74): warning C4701: 使用了可能未初始化的區域變數 'nx2'
     1>d:\github\graphics-pipeline\src\rasterize.cpp(75): warning C4701: 使用了可能未初始化的區域變數 'ny2'
     1>d:\github\graphics-pipeline\src\rasterize.cpp(73): warning C4701: 使用了可能未初始化的區域變數 'nz2'
     1>d:\github\graphics-pipeline\src\rasterize.cpp(77): warning C4701: 使用了可能未初始化的區域變數 'nz_'
     1>d:\github\graphics-pipeline\src\rasterize.cpp(77): warning C4701: 使用了可能未初始化的區域變數 'nx_'
     1>d:\github\graphics-pipeline\src\rasterize.cpp(77): warning C4701: 使用了可能未初始化的區域變數 'ny_'
         已完成程式碼產生
         3dmm_hw1.vcxproj -> D:\Github\graphics-pipeline\Release\3dmm_hw1.exe
       Manifest:
         C:\Program Files (x86)\Microsoft SDKs\Windows\v7.0A\bin\mt.exe /nologo /verbose /outputresource:"D:\Github\graphics-pipeline\Release\3dmm_hw1.exe;#1" /manifest Release\3dmm_hw1.exe.intermediate.manifest
       FinalizeBuildStatus:
         Deleting file "Release\3dmm_hw1.unsuccessfulbuild".
         Touching "Release\3dmm_hw1.lastbuildstate".
     1>Done Building Project "D:\Github\graphics-pipeline\3dmm_hw1.vcxproj" (build target(s)).

建置成功。

Time Elapsed 00:00:02.93
