D:\GITHUB\GRAPHICS-PIPELINE\RELEASE\3DMM_HW1.EXE
D:\GITHUB\GRAPHICS-PIPELINE\RELEASE\3DMM_HW1.EXE.INTERMEDIATE.MANIFEST
D:\GITHUB\GRAPHICS-PIPELINE\RELEASE\3DMM_HW1.PDB
D:\Github\graphics-pipeline\Release\3dmm_hw1.vcxprojResolveAssemblyReference.cache
D:\Github\graphics-pipeline\Release\3dmm_hw1.write.1.tlog
D:\Github\graphics-pipeline\Release\cl.command.1.tlog
D:\Github\graphics-pipeline\Release\CL.read.1.tlog
D:\Github\graphics-pipeline\Release\CL.write.1.tlog
D:\GITHUB\GRAPHICS-PIPELINE\RELEASE\FRAMEBUFFER.OBJ
D:\GITHUB\GRAPHICS-PIPELINE\RELEASE\LIGHTING.OBJ
D:\Github\graphics-pipeline\Release\link.command.1.tlog
D:\Github\graphics-pipeline\Release\link.read.1.tlog
D:\Github\graphics-pipeline\Release\link.write.1.tlog
D:\GITHUB\GRAPHICS-PIPELINE\RELEASE\MAIN.OBJ
D:\GITHUB\GRAPHICS-PIPELINE\RELEASE\MODEL.OBJ
D:\Github\graphics-pipeline\Release\mt.command.1.tlog
D:\Github\graphics-pipeline\Release\mt.read.1.tlog
D:\Github\graphics-pipeline\Release\mt.write.1.tlog
D:\GITHUB\GRAPHICS-PIPELINE\RELEASE\RASTERIZE.OBJ
D:\GITHUB\GRAPHICS-PIPELINE\RELEASE\TRANSFORM.OBJ
D:\GITHUB\GRAPHICS-PIPELINE\RELEASE\VC100.PDB
